{
  "stats": {
    "suites": 1,
    "tests": 1,
    "passes": 1,
    "pending": 0,
    "failures": 0,
    "start": "2024-05-31T13:17:34.636Z",
    "end": "2024-05-31T13:17:35.536Z",
    "duration": 900,
    "testsRegistered": 1,
    "passPercent": 100,
    "pendingPercent": 0,
    "other": 0,
    "hasOther": false,
    "skipped": 0,
    "hasSkipped": false
  },
  "results": [
    {
      "uuid": "716e8e98-1051-4e3c-b281-afa458d3dfe9",
      "title": "",
      "fullFile": "cypress\\api-test\\TC_004_PUT_request.js",
      "file": "cypress\\api-test\\TC_004_PUT_request.js",
      "beforeHooks": [],
      "afterHooks": [],
      "tests": [],
      "suites": [
        {
          "uuid": "529606ab-bbec-49a5-8608-2d17ba5505c3",
          "title": "Test PUT request",
          "fullFile": "",
          "file": "",
          "beforeHooks": [],
          "afterHooks": [],
          "tests": [
            {
              "title": "Should be able to send a request with PUT method",
              "fullTitle": "Test PUT request Should be able to send a request with PUT method",
              "timedOut": null,
              "duration": 875,
              "state": "passed",
              "speed": "fast",
              "pass": true,
              "fail": false,
              "pending": false,
              "context": null,
              "code": "let url = 'https://jsonplaceholder.typicode.com/posts/1';\nlet header = {\n  'Content-type': 'application/json; charset=UTF-8'\n};\nlet requestBody = {\n  id: 1,\n  title: 'foo',\n  body: 'bar',\n  userId: 1\n};\nlet requestObject = {\n  method: 'PUT',\n  url: url,\n  headers: header,\n  body: JSON.stringify(requestBody)\n};\ncy.request(requestObject).then(res => {\n  let {\n    status\n  } = res;\n  let resBody = res.body;\n  let {\n    userId,\n    id,\n    title,\n    body\n  } = resBody;\n  // cy.log(JSON.stringify(res));\n  // cy.log(JSON.stringify(resBody));\n  expect(id).to.eq(requestBody.id, 'Id is not correct');\n  expect(title).to.eq(requestBody.title, 'title is not correct');\n  expect(body).to.eq(requestBody.body, 'body is not correct');\n  expect(userId).to.eq(requestBody.userId, 'userId is not correct');\n});",
              "err": {},
              "uuid": "1515ff14-784f-44bc-9f16-2d0992589642",
              "parentUUID": "529606ab-bbec-49a5-8608-2d17ba5505c3",
              "isHook": false,
              "skipped": false
            }
          ],
          "suites": [],
          "passes": [
            "1515ff14-784f-44bc-9f16-2d0992589642"
          ],
          "failures": [],
          "pending": [],
          "skipped": [],
          "duration": 875,
          "root": false,
          "rootEmpty": false,
          "_timeout": 2000
        }
      ],
      "passes": [],
      "failures": [],
      "pending": [],
      "skipped": [],
      "duration": 0,
      "root": true,
      "rootEmpty": true,
      "_timeout": 2000
    }
  ],
  "meta": {
    "mocha": {
      "version": "7.0.1"
    },
    "mochawesome": {
      "options": {
        "quiet": false,
        "reportFilename": "mochawesome",
        "saveHtml": false,
        "saveJson": true,
        "consoleReporter": "spec",
        "useInlineDiffs": false,
        "code": true
      },
      "version": "7.1.3"
    },
    "marge": {
      "options": {
        "reportDir": "cypress/results",
        "overwrite": false,
        "html": false,
        "json": true
      },
      "version": "6.2.0"
    }
  }
}