{
  "stats": {
    "suites": 1,
    "tests": 1,
    "passes": 1,
    "pending": 0,
    "failures": 0,
    "start": "2024-05-30T10:15:59.569Z",
    "end": "2024-05-30T10:15:59.787Z",
    "duration": 218,
    "testsRegistered": 1,
    "passPercent": 100,
    "pendingPercent": 0,
    "other": 0,
    "hasOther": false,
    "skipped": 0,
    "hasSkipped": false
  },
  "results": [
    {
      "uuid": "3366ac8c-46d8-466a-8c14-454001d7f3ff",
      "title": "",
      "fullFile": "cypress\\api-test\\TC_001_GET_request.js",
      "file": "cypress\\api-test\\TC_001_GET_request.js",
      "beforeHooks": [],
      "afterHooks": [],
      "tests": [],
      "suites": [
        {
          "uuid": "89a1cd17-903c-4125-923e-423fd9ddc658",
          "title": "Test GET request",
          "fullFile": "",
          "file": "",
          "beforeHooks": [],
          "afterHooks": [],
          "tests": [
            {
              "title": "Should be able to send GET request and verify the response",
              "fullTitle": "Test GET request Should be able to send GET request and verify the response",
              "timedOut": null,
              "duration": 191,
              "state": "passed",
              "speed": "fast",
              "pass": true,
              "fail": false,
              "pending": false,
              "context": null,
              "code": "cy.request({\n  url: 'https://jsonplaceholder.typicode.com/posts',\n  method: 'GET'\n}).then(response => {\n  expect(response.status).to.eq(200);\n  expect(response.body.length).to.eq(100);\n});",
              "err": {},
              "uuid": "f3567819-85e7-4de0-af52-374052c4d6bb",
              "parentUUID": "89a1cd17-903c-4125-923e-423fd9ddc658",
              "isHook": false,
              "skipped": false
            }
          ],
          "suites": [],
          "passes": [
            "f3567819-85e7-4de0-af52-374052c4d6bb"
          ],
          "failures": [],
          "pending": [],
          "skipped": [],
          "duration": 191,
          "root": false,
          "rootEmpty": false,
          "_timeout": 2000
        }
      ],
      "passes": [],
      "failures": [],
      "pending": [],
      "skipped": [],
      "duration": 0,
      "root": true,
      "rootEmpty": true,
      "_timeout": 2000
    }
  ],
  "meta": {
    "mocha": {
      "version": "7.0.1"
    },
    "mochawesome": {
      "options": {
        "quiet": false,
        "reportFilename": "mochawesome",
        "saveHtml": false,
        "saveJson": true,
        "consoleReporter": "spec",
        "useInlineDiffs": false,
        "code": true
      },
      "version": "7.1.3"
    },
    "marge": {
      "options": {
        "reportDir": "cypress/results",
        "overwrite": false,
        "html": false,
        "json": true
      },
      "version": "6.2.0"
    }
  }
}