{
  "stats": {
    "suites": 1,
    "tests": 1,
    "passes": 1,
    "pending": 0,
    "failures": 0,
    "start": "2024-05-30T10:16:11.651Z",
    "end": "2024-05-30T10:16:11.701Z",
    "duration": 50,
    "testsRegistered": 1,
    "passPercent": 100,
    "pendingPercent": 0,
    "other": 0,
    "hasOther": false,
    "skipped": 0,
    "hasSkipped": false
  },
  "results": [
    {
      "uuid": "2e250b63-ccc9-4416-af3d-d308c9c11f0b",
      "title": "",
      "fullFile": "cypress\\api-test\\TC_006_handle async.js",
      "file": "cypress\\api-test\\TC_006_handle async.js",
      "beforeHooks": [],
      "afterHooks": [],
      "tests": [],
      "suites": [
        {
          "uuid": "5e7bb161-4c14-4dc7-948c-8da7f870bf26",
          "title": "Test handling async request in cypress",
          "fullFile": "",
          "file": "",
          "beforeHooks": [],
          "afterHooks": [],
          "tests": [
            {
              "title": "Should be able to wait until a request resolved",
              "fullTitle": "Test handling async request in cypress Should be able to wait until a request resolved",
              "timedOut": null,
              "duration": 26,
              "state": "passed",
              "speed": "fast",
              "pass": true,
              "fail": false,
              "pending": false,
              "context": null,
              "code": "let createdPostBody = {\n  title: 'foo',\n  body: 'bar',\n  userId: 1\n};\nlet updatePutBody = {\n  title: 'fooooooo',\n  body: 'bar2',\n  userId: 1\n};\n// CRUD: Create - Read - Update - Delete\ncy.createPost(createdPostBody).then(res => {\n  cy.getPost(Number(res.body.id) - 1);\n}).then(res => {\n  cy.updatePost(Number(res.body.id), updatePutBody);\n}).then(res => {\n  cy.deletePost(Number(res.body.id));\n}).then(res => {\n  cy.log(JSON.stringify(res));\n});",
              "err": {},
              "uuid": "a93df5eb-7a3c-401f-92cb-39fbe18e1460",
              "parentUUID": "5e7bb161-4c14-4dc7-948c-8da7f870bf26",
              "isHook": false,
              "skipped": false
            }
          ],
          "suites": [],
          "passes": [
            "a93df5eb-7a3c-401f-92cb-39fbe18e1460"
          ],
          "failures": [],
          "pending": [],
          "skipped": [],
          "duration": 26,
          "root": false,
          "rootEmpty": false,
          "_timeout": 2000
        }
      ],
      "passes": [],
      "failures": [],
      "pending": [],
      "skipped": [],
      "duration": 0,
      "root": true,
      "rootEmpty": true,
      "_timeout": 2000
    }
  ],
  "meta": {
    "mocha": {
      "version": "7.0.1"
    },
    "mochawesome": {
      "options": {
        "quiet": false,
        "reportFilename": "mochawesome",
        "saveHtml": false,
        "saveJson": true,
        "consoleReporter": "spec",
        "useInlineDiffs": false,
        "code": true
      },
      "version": "7.1.3"
    },
    "marge": {
      "options": {
        "reportDir": "cypress/results",
        "overwrite": false,
        "html": false,
        "json": true
      },
      "version": "6.2.0"
    }
  }
}