{
  "stats": {
    "suites": 1,
    "tests": 1,
    "passes": 1,
    "pending": 0,
    "failures": 0,
    "start": "2024-05-31T13:17:29.593Z",
    "end": "2024-05-31T13:17:29.702Z",
    "duration": 109,
    "testsRegistered": 1,
    "passPercent": 100,
    "pendingPercent": 0,
    "other": 0,
    "hasOther": false,
    "skipped": 0,
    "hasSkipped": false
  },
  "results": [
    {
      "uuid": "f9992ff8-aceb-4dec-97f0-a65957655348",
      "title": "",
      "fullFile": "cypress\\api-test\\TC_002_GET_request_more.js",
      "file": "cypress\\api-test\\TC_002_GET_request_more.js",
      "beforeHooks": [],
      "afterHooks": [],
      "tests": [],
      "suites": [
        {
          "uuid": "23b642bf-9151-4ad7-949a-8fdc78cc237d",
          "title": "Test GET request",
          "fullFile": "",
          "file": "",
          "beforeHooks": [],
          "afterHooks": [],
          "tests": [
            {
              "title": "Should be able to send GET request and verify the response",
              "fullTitle": "Test GET request Should be able to send GET request and verify the response",
              "timedOut": null,
              "duration": 78,
              "state": "passed",
              "speed": "fast",
              "pass": true,
              "fail": false,
              "pending": false,
              "context": null,
              "code": "cy.request({\n  url: 'https://jsonplaceholder.typicode.com/posts',\n  method: 'GET'\n}).then(response => {\n  // Destructure\n  let {\n    status,\n    body\n  } = response;\n  // Get a random element from array object\n  let roundedRandomIndex = Math.floor(Math.random() * body.length);\n  let randomObject = body[roundedRandomIndex];\n  // Verification\n  // expect(randomObject)\n  verifyNotEmpty('UserID', randomObject.userId);\n  verifyNotEmpty('Title', randomObject.title);\n  verifyNotEmpty('Body', randomObject.body);\n  //{\"userId\":6,\"id\":54,\"title\":\"sit asperiores ipsam eveniet odio non quia\",\"body\":\"totam corporis dignissimos\\nvitae dolorem ut occaecati accusamus\\nex velit deserunt\\net exercitationem vero incidunt corrupti mollitia\"}\n});",
              "err": {},
              "uuid": "d9923757-de6c-47e2-ac79-5ab723078683",
              "parentUUID": "23b642bf-9151-4ad7-949a-8fdc78cc237d",
              "isHook": false,
              "skipped": false
            }
          ],
          "suites": [],
          "passes": [
            "d9923757-de6c-47e2-ac79-5ab723078683"
          ],
          "failures": [],
          "pending": [],
          "skipped": [],
          "duration": 78,
          "root": false,
          "rootEmpty": false,
          "_timeout": 2000
        }
      ],
      "passes": [],
      "failures": [],
      "pending": [],
      "skipped": [],
      "duration": 0,
      "root": true,
      "rootEmpty": true,
      "_timeout": 2000
    }
  ],
  "meta": {
    "mocha": {
      "version": "7.0.1"
    },
    "mochawesome": {
      "options": {
        "quiet": false,
        "reportFilename": "mochawesome",
        "saveHtml": false,
        "saveJson": true,
        "consoleReporter": "spec",
        "useInlineDiffs": false,
        "code": true
      },
      "version": "7.1.3"
    },
    "marge": {
      "options": {
        "reportDir": "cypress/results",
        "overwrite": false,
        "html": false,
        "json": true
      },
      "version": "6.2.0"
    }
  }
}