{
  "stats": {
    "suites": 1,
    "tests": 1,
    "passes": 1,
    "pending": 0,
    "failures": 0,
    "start": "2024-05-31T12:58:54.267Z",
    "end": "2024-05-31T12:58:54.644Z",
    "duration": 377,
    "testsRegistered": 1,
    "passPercent": 100,
    "pendingPercent": 0,
    "other": 0,
    "hasOther": false,
    "skipped": 0,
    "hasSkipped": false
  },
  "results": [
    {
      "uuid": "40fa2a6c-f172-4f41-a595-994ed6155620",
      "title": "",
      "fullFile": "cypress\\api-test\\TC_005_DELETE_request.js",
      "file": "cypress\\api-test\\TC_005_DELETE_request.js",
      "beforeHooks": [],
      "afterHooks": [],
      "tests": [],
      "suites": [
        {
          "uuid": "ff2cf9e8-dd70-497c-8db1-f8171c2dabbe",
          "title": "Test PUT request",
          "fullFile": "",
          "file": "",
          "beforeHooks": [],
          "afterHooks": [],
          "tests": [
            {
              "title": "Should be able to send a request with DELETE method",
              "fullTitle": "Test PUT request Should be able to send a request with DELETE method",
              "timedOut": null,
              "duration": 351,
              "state": "passed",
              "speed": "fast",
              "pass": true,
              "fail": false,
              "pending": false,
              "context": null,
              "code": "let url = 'https://jsonplaceholder.typicode.com/posts/1';\ncy.request({\n  method: _Method.default.delete,\n  url: url\n}).then(res => {\n  let {\n    status\n  } = res;\n  cy.log(JSON.stringify(res));\n  expect(status).to.eq(200);\n  // cy.log(JSON.stringify(resBody));\n});",
              "err": {},
              "uuid": "036ae014-808f-4fd3-9b23-c25d7ceef16b",
              "parentUUID": "ff2cf9e8-dd70-497c-8db1-f8171c2dabbe",
              "isHook": false,
              "skipped": false
            }
          ],
          "suites": [],
          "passes": [
            "036ae014-808f-4fd3-9b23-c25d7ceef16b"
          ],
          "failures": [],
          "pending": [],
          "skipped": [],
          "duration": 351,
          "root": false,
          "rootEmpty": false,
          "_timeout": 2000
        }
      ],
      "passes": [],
      "failures": [],
      "pending": [],
      "skipped": [],
      "duration": 0,
      "root": true,
      "rootEmpty": true,
      "_timeout": 2000
    }
  ],
  "meta": {
    "mocha": {
      "version": "7.0.1"
    },
    "mochawesome": {
      "options": {
        "quiet": false,
        "reportFilename": "mochawesome",
        "saveHtml": false,
        "saveJson": true,
        "consoleReporter": "spec",
        "useInlineDiffs": false,
        "code": true
      },
      "version": "7.1.3"
    },
    "marge": {
      "options": {
        "reportDir": "cypress/results",
        "overwrite": false,
        "html": false,
        "json": true
      },
      "version": "6.2.0"
    }
  }
}