{
  "stats": {
    "suites": 1,
    "tests": 1,
    "passes": 0,
    "pending": 0,
    "failures": 1,
    "start": "2024-05-31T12:58:44.523Z",
    "end": "2024-05-31T12:58:45.092Z",
    "duration": 569,
    "testsRegistered": 1,
    "passPercent": 0,
    "pendingPercent": 0,
    "other": 0,
    "hasOther": false,
    "skipped": 0,
    "hasSkipped": false
  },
  "results": [
    {
      "uuid": "bd98d829-1193-425a-a5cd-5edc880e3df6",
      "title": "",
      "fullFile": "cypress\\api-test\\TC_001_GET_request.js",
      "file": "cypress\\api-test\\TC_001_GET_request.js",
      "beforeHooks": [],
      "afterHooks": [],
      "tests": [],
      "suites": [
        {
          "uuid": "304256a5-0f11-49a3-b4a9-fbe412b10925",
          "title": "Test GET request",
          "fullFile": "",
          "file": "",
          "beforeHooks": [],
          "afterHooks": [],
          "tests": [
            {
              "title": "Should be able to send GET request and verify the response",
              "fullTitle": "Test GET request Should be able to send GET request and verify the response",
              "timedOut": null,
              "duration": 525,
              "state": "failed",
              "speed": null,
              "pass": false,
              "fail": true,
              "pending": false,
              "context": null,
              "code": "cy.request({\n  url: 'https://jsonplaceholder.typicode.com/posts',\n  method: 'GET'\n}).then(response => {\n  expect(response.status).to.eq(203);\n  expect(response.body.length).to.eq(100);\n});",
              "err": {
                "message": "AssertionError: expected 200 to equal 203",
                "estack": "AssertionError: expected 200 to equal 203\n    at Context.eval (webpack://cypress-api-learning/./cypress/api-test/TC_001_GET_request.js:7:30)",
                "diff": "- 200\n+ 203\n"
              },
              "uuid": "5d2adda2-3a09-49f1-aa7a-ad5b48ff0abe",
              "parentUUID": "304256a5-0f11-49a3-b4a9-fbe412b10925",
              "isHook": false,
              "skipped": false
            }
          ],
          "suites": [],
          "passes": [],
          "failures": [
            "5d2adda2-3a09-49f1-aa7a-ad5b48ff0abe"
          ],
          "pending": [],
          "skipped": [],
          "duration": 525,
          "root": false,
          "rootEmpty": false,
          "_timeout": 2000
        }
      ],
      "passes": [],
      "failures": [],
      "pending": [],
      "skipped": [],
      "duration": 0,
      "root": true,
      "rootEmpty": true,
      "_timeout": 2000
    }
  ],
  "meta": {
    "mocha": {
      "version": "7.0.1"
    },
    "mochawesome": {
      "options": {
        "quiet": false,
        "reportFilename": "mochawesome",
        "saveHtml": false,
        "saveJson": true,
        "consoleReporter": "spec",
        "useInlineDiffs": false,
        "code": true
      },
      "version": "7.1.3"
    },
    "marge": {
      "options": {
        "reportDir": "cypress/results",
        "overwrite": false,
        "html": false,
        "json": true
      },
      "version": "6.2.0"
    }
  }
}