{
  "stats": {
    "suites": 1,
    "tests": 1,
    "passes": 1,
    "pending": 0,
    "failures": 0,
    "start": "2024-05-30T10:16:04.006Z",
    "end": "2024-05-30T10:16:04.913Z",
    "duration": 907,
    "testsRegistered": 1,
    "passPercent": 100,
    "pendingPercent": 0,
    "other": 0,
    "hasOther": false,
    "skipped": 0,
    "hasSkipped": false
  },
  "results": [
    {
      "uuid": "a67a7d51-187d-4cb0-ada5-28dfcc527b78",
      "title": "",
      "fullFile": "cypress\\api-test\\TC_003_POST_request.js",
      "file": "cypress\\api-test\\TC_003_POST_request.js",
      "beforeHooks": [],
      "afterHooks": [],
      "tests": [],
      "suites": [
        {
          "uuid": "7aa0a08f-f0f5-4540-8419-8c9c2c25aa8f",
          "title": "Test POST request",
          "fullFile": "",
          "file": "",
          "beforeHooks": [],
          "afterHooks": [],
          "tests": [
            {
              "title": "Should be able to send POST request and get response",
              "fullTitle": "Test POST request Should be able to send POST request and get response",
              "timedOut": null,
              "duration": 884,
              "state": "passed",
              "speed": "fast",
              "pass": true,
              "fail": false,
              "pending": false,
              "context": null,
              "code": "let url = 'https://jsonplaceholder.typicode.com/posts';\nlet header = {\n  'Content-type': 'application/json; charset=UTF-8'\n};\nlet requestBody = {\n  title: 'foo',\n  body: 'bar',\n  userId: 1\n};\nlet requestObject = {\n  method: 'post',\n  url: url,\n  headers: header,\n  body: JSON.stringify(requestBody)\n};\ncy.request(requestObject).then(res => {\n  let {\n    status,\n    body\n  } = res;\n  expect(status).to.eq(201);\n  let {\n    userId,\n    id,\n    title\n  } = body;\n  let responseBody = body.body;\n  expect(userId).to.eq(requestBody.userId, 'UserId is not correct');\n  expect(id).to.eq(101, 'id is not correct');\n  expect(title).to.eq(requestBody.title, 'Title is not correct');\n  expect(responseBody).to.eq(requestBody.body, 'Body is not correct');\n});",
              "err": {},
              "uuid": "9d58d0a6-49d9-4057-9ee7-2a4912a540f0",
              "parentUUID": "7aa0a08f-f0f5-4540-8419-8c9c2c25aa8f",
              "isHook": false,
              "skipped": false
            }
          ],
          "suites": [],
          "passes": [
            "9d58d0a6-49d9-4057-9ee7-2a4912a540f0"
          ],
          "failures": [],
          "pending": [],
          "skipped": [],
          "duration": 884,
          "root": false,
          "rootEmpty": false,
          "_timeout": 2000
        }
      ],
      "passes": [],
      "failures": [],
      "pending": [],
      "skipped": [],
      "duration": 0,
      "root": true,
      "rootEmpty": true,
      "_timeout": 2000
    }
  ],
  "meta": {
    "mocha": {
      "version": "7.0.1"
    },
    "mochawesome": {
      "options": {
        "quiet": false,
        "reportFilename": "mochawesome",
        "saveHtml": false,
        "saveJson": true,
        "consoleReporter": "spec",
        "useInlineDiffs": false,
        "code": true
      },
      "version": "7.1.3"
    },
    "marge": {
      "options": {
        "reportDir": "cypress/results",
        "overwrite": false,
        "html": false,
        "json": true
      },
      "version": "6.2.0"
    }
  }
}