{
  "stats": {
    "suites": 1,
    "tests": 1,
    "passes": 1,
    "pending": 0,
    "failures": 0,
    "start": "2024-05-31T14:12:59.211Z",
    "end": "2024-05-31T14:12:59.575Z",
    "duration": 364,
    "testsRegistered": 1,
    "passPercent": 100,
    "pendingPercent": 0,
    "other": 0,
    "hasOther": false,
    "skipped": 0,
    "hasSkipped": false
  },
  "results": [
    {
      "uuid": "06b150d2-7eaa-40f7-abf5-9ec052e3d6ff",
      "title": "",
      "fullFile": "cypress\\api-test\\TC_005_DELETE_request.js",
      "file": "cypress\\api-test\\TC_005_DELETE_request.js",
      "beforeHooks": [],
      "afterHooks": [],
      "tests": [],
      "suites": [
        {
          "uuid": "9562363a-db69-4cf8-ad9d-216361fa6b75",
          "title": "Test PUT request",
          "fullFile": "",
          "file": "",
          "beforeHooks": [],
          "afterHooks": [],
          "tests": [
            {
              "title": "Should be able to send a request with DELETE method",
              "fullTitle": "Test PUT request Should be able to send a request with DELETE method",
              "timedOut": null,
              "duration": 341,
              "state": "passed",
              "speed": "fast",
              "pass": true,
              "fail": false,
              "pending": false,
              "context": null,
              "code": "let url = 'https://jsonplaceholder.typicode.com/posts/1';\ncy.request({\n  method: _Method.default.delete,\n  url: url\n}).then(res => {\n  let {\n    status\n  } = res;\n  cy.log(JSON.stringify(res));\n  expect(status).to.eq(200);\n  // cy.log(JSON.stringify(resBody));\n});",
              "err": {},
              "uuid": "1aa07041-0d32-4b31-8a4b-f96d0e3de0cc",
              "parentUUID": "9562363a-db69-4cf8-ad9d-216361fa6b75",
              "isHook": false,
              "skipped": false
            }
          ],
          "suites": [],
          "passes": [
            "1aa07041-0d32-4b31-8a4b-f96d0e3de0cc"
          ],
          "failures": [],
          "pending": [],
          "skipped": [],
          "duration": 341,
          "root": false,
          "rootEmpty": false,
          "_timeout": 2000
        }
      ],
      "passes": [],
      "failures": [],
      "pending": [],
      "skipped": [],
      "duration": 0,
      "root": true,
      "rootEmpty": true,
      "_timeout": 2000
    }
  ],
  "meta": {
    "mocha": {
      "version": "7.0.1"
    },
    "mochawesome": {
      "options": {
        "quiet": false,
        "reportFilename": "mochawesome",
        "saveHtml": false,
        "saveJson": true,
        "consoleReporter": "spec",
        "useInlineDiffs": false,
        "code": true
      },
      "version": "7.1.3"
    },
    "marge": {
      "options": {
        "reportDir": "cypress/results",
        "overwrite": false,
        "html": false,
        "json": true
      },
      "version": "6.2.0"
    }
  }
}